<?xml version="1.0" encoding="UTF-8"?>
<testsuite name="Example1" tests="1" skipped="0" failures="1" errors="0" timestamp="2023-12-23T17:11:32" hostname="MBP-Strumenta-Federico2" time="0.001">
  <properties/>
  <testcase name="decl[wasmJs, browser, ChromeHeadless120.0.6099.129, MacOS10.15.7]" classname="Example1" time="0.001">
    <failure message="NotImplementedError: An operation is not implemented: Unsupported statement: [25 20]" type="NotImplementedError">NotImplementedError: An operation is not implemented: Unsupported statement: [25 20]
	at kotlin.captureStackTrace(/Users/federico/repos/antlr-kotlin-examples/build/js/packages/antlr-kotlin-examples-antlr-kotlin-examples-wasi-wasm-js-test/kotlin/antlr-kotlin-examples-antlr-kotlin-examples-wasi-wasm-js-test.uninstantiated.mjs:16)
	at &lt;antlr-kotlin-examples:antlr-kotlin-examples-wasi_test&gt;.kotlin.captureStackTrace__externalAdapter(http://localhost:9876/antlr-kotlin-examples-antlr-kotlin-examples-wasi-wasm-js-test.wasm)
	at &lt;antlr-kotlin-examples:antlr-kotlin-examples-wasi_test&gt;.kotlin.Throwable.&lt;init&gt;(http://localhost:9876/antlr-kotlin-examples-antlr-kotlin-examples-wasi-wasm-js-test.wasm)
	at &lt;antlr-kotlin-examples:antlr-kotlin-examples-wasi_test&gt;.kotlin.Throwable.&lt;init&gt;(http://localhost:9876/antlr-kotlin-examples-antlr-kotlin-examples-wasi-wasm-js-test.wasm)
	at &lt;antlr-kotlin-examples:antlr-kotlin-examples-wasi_test&gt;.kotlin.Error.&lt;init&gt;(http://localhost:9876/antlr-kotlin-examples-antlr-kotlin-examples-wasi-wasm-js-test.wasm)
	at &lt;antlr-kotlin-examples:antlr-kotlin-examples-wasi_test&gt;.kotlin.NotImplementedError.&lt;init&gt;(http://localhost:9876/antlr-kotlin-examples-antlr-kotlin-examples-wasi-wasm-js-test.wasm)
	at &lt;antlr-kotlin-examples:antlr-kotlin-examples-wasi_test&gt;.MiniCalcInterpreter.interpret(http://localhost:9876/antlr-kotlin-examples-antlr-kotlin-examples-wasi-wasm-js-test.wasm)
	at &lt;antlr-kotlin-examples:antlr-kotlin-examples-wasi_test&gt;.Example1.decl(http://localhost:9876/antlr-kotlin-examples-antlr-kotlin-examples-wasi-wasm-js-test.wasm)
	at decl test fun.invoke(http://localhost:9876/antlr-kotlin-examples-antlr-kotlin-examples-wasi-wasm-js-test.wasm)
	at &lt;antlr-kotlin-examples:antlr-kotlin-examples-wasi_test&gt;.kotlin.test.JasmineLikeAdapter.callTest(http://localhost:9876/antlr-kotlin-examples-antlr-kotlin-examples-wasi-wasm-js-test.wasm)
</failure>
  </testcase>
  <system-out><![CDATA[Not yet supported for Node.js and browser]]></system-out>
  <system-err><![CDATA[]]></system-err>
</testsuite>
